2019-11-22 19:29:28,848  INFO [main] LogReport:22 - IE browser opens
2019-11-22 19:29:32,218  INFO [main] LogReport:22 - Application is open
2019-11-23 12:55:33,001  INFO [main] LogReport:22 - IE browser opens
2019-11-23 12:55:41,217  INFO [main] LogReport:22 - Application is open
2019-11-25 09:58:13,209  INFO [main] LogReport:22 - IE browser opens
2019-11-25 09:58:20,130  INFO [main] LogReport:22 - Application is open
2019-11-25 09:58:54,926  INFO [main] LogReport:22 - IE browser opens
2019-11-25 09:58:58,497  INFO [main] LogReport:22 - Application is open
2019-11-25 10:00:05,394  INFO [main] LogReport:22 - IE browser opens
2019-11-25 10:00:08,771  INFO [main] LogReport:22 - Application is open
2019-11-25 10:05:20,850  INFO [main] LogReport:22 - IE browser opens
2019-11-25 10:05:24,268  INFO [main] LogReport:22 - Application is open
2019-11-25 10:06:38,657  INFO [main] LogReport:22 - IE browser opens
2019-11-25 10:06:41,726  INFO [main] LogReport:22 - Application is open
2019-11-25 10:08:57,995  INFO [main] LogReport:22 - IE browser opens
2019-11-25 10:09:01,603  INFO [main] LogReport:22 - Application is open
2019-11-25 10:10:20,272  INFO [main] LogReport:22 - IE browser opens
2019-11-25 10:10:24,986  INFO [main] LogReport:22 - Application is open
2019-11-25 10:30:25,713  INFO [main] LogReport:22 - IE browser opens
2019-11-25 10:30:28,655  INFO [main] LogReport:22 - Application is open
2019-11-25 12:08:14,106  INFO [main] LogReport:22 - IE browser opens
2019-11-25 12:08:18,073  INFO [main] LogReport:22 - Application is open
2019-11-25 12:08:40,711  INFO [main] LogReport:22 - IE browser opens
2019-11-25 12:08:44,034  INFO [main] LogReport:22 - Application is open
2019-11-25 12:10:53,962  INFO [main] LogReport:22 - IE browser opens
2019-11-25 12:10:56,784  INFO [main] LogReport:22 - Application is open
2019-11-25 12:11:23,539  INFO [main] LogReport:22 - IE browser opens
2019-11-25 12:11:26,828  INFO [main] LogReport:22 - Application is open
2019-11-25 12:36:53,181  INFO [main] LogReport:22 - IE browser opens
2019-11-25 12:36:56,967  INFO [main] LogReport:22 - Application is open
2019-11-25 12:37:36,216  INFO [main] LogReport:22 - IE browser opens
2019-11-25 12:37:39,108  INFO [main] LogReport:22 - Application is open
2019-11-25 12:38:31,078  INFO [main] LogReport:22 - IE browser opens
2019-11-25 12:38:33,485  INFO [main] LogReport:22 - Application is open
2019-11-25 12:39:51,722  INFO [main] LogReport:22 - IE browser opens
2019-11-25 12:39:54,368  INFO [main] LogReport:22 - Application is open
2019-11-25 12:41:01,316  INFO [main] LogReport:22 - IE browser opens
2019-11-25 12:41:03,009  INFO [main] LogReport:22 - Application is open
2019-11-25 12:41:38,809  INFO [main] LogReport:22 - IE browser opens
2019-11-25 12:41:41,952  INFO [main] LogReport:22 - Application is open
2019-11-25 12:42:35,797  INFO [main] LogReport:22 - IE browser opens
2019-11-25 12:42:38,325  INFO [main] LogReport:22 - Application is open
2019-11-25 12:43:38,343  INFO [main] LogReport:22 - IE browser opens
2019-11-25 12:43:40,674  INFO [main] LogReport:22 - Application is open
2019-11-25 12:43:46,602  INFO [main] LogReport:22 - [[InternetExplorerDriver: internet explorer on WINDOWS (13dceea4-c3d5-4bd5-9c90-570b29988354)] -> xpath: //a[@href='#bookings']]not selected 
2019-11-25 13:42:22,893  INFO [main] LogReport:22 - IE browser opens
2019-11-25 13:42:25,896  INFO [main] LogReport:22 - Application is open
2019-11-25 13:47:57,621  INFO [main] LogReport:22 - IE browser opens
2019-11-25 13:47:59,705  INFO [main] LogReport:22 - Application is open
2019-11-25 13:48:04,404  INFO [main] LogReport:22 - [[InternetExplorerDriver: internet explorer on WINDOWS (bd56a0ce-75c4-4acd-a893-fb76cdbd9591)] -> xpath: //a[@href='#bookings']]not selected 
2019-11-25 13:50:20,776  INFO [main] LogReport:22 - IE browser opens
2019-11-25 13:50:23,020  INFO [main] LogReport:22 - Application is open
2019-11-25 13:50:27,691  INFO [main] LogReport:22 - [[InternetExplorerDriver: internet explorer on WINDOWS (f18a2731-5b68-4743-9ceb-0012fd4a1c78)] -> xpath: //a[@href='#bookings']]not selected 
2019-11-25 13:53:01,926  INFO [main] LogReport:22 - IE browser opens
2019-11-25 13:53:04,618  INFO [main] LogReport:22 - Application is open
2019-11-25 13:53:09,312  INFO [main] LogReport:22 - [[InternetExplorerDriver: internet explorer on WINDOWS (1243fbcb-0d8a-40ba-998d-626a898dbb58)] -> xpath: (//li[@class='nav-item'])[1]]not selected 
2019-11-25 13:54:31,147  INFO [main] LogReport:22 - IE browser opens
2019-11-25 13:54:33,866  INFO [main] LogReport:22 - Application is open
2019-11-25 13:54:38,550  INFO [main] LogReport:22 - [[InternetExplorerDriver: internet explorer on WINDOWS (a4ced04d-5e29-4632-a503-75bc04159511)] -> xpath: (//li[@class='nav-item'])[1]]not selected 
2019-11-25 14:25:30,052  INFO [main] LogReport:22 - IE browser opens
2019-11-25 14:25:32,641  INFO [main] LogReport:22 - Application is open
2019-11-25 14:26:53,335  INFO [main] LogReport:22 - IE browser opens
2019-11-25 14:26:56,605  INFO [main] LogReport:22 - Application is open
2019-11-25 14:28:57,010  INFO [main] LogReport:22 - IE browser opens
2019-11-25 14:28:59,317  INFO [main] LogReport:22 - Application is open
2019-11-25 14:30:14,735  INFO [main] LogReport:22 - IE browser opens
2019-11-25 14:30:17,052  INFO [main] LogReport:22 - Application is open
2019-11-25 14:30:22,914  INFO [main] LogReport:22 - [[InternetExplorerDriver: internet explorer on WINDOWS (4804056e-d69b-4cb4-a656-09fd7c6d139c)] -> xpath: (//li[@class='nav-item'])[1]]not selected 
2019-11-25 14:34:36,279  INFO [main] LogReport:22 - IE browser opens
2019-11-25 14:34:39,181  INFO [main] LogReport:22 - Application is open
2019-11-25 14:38:55,673  INFO [main] LogReport:22 - IE browser opens
2019-11-25 14:38:57,815  INFO [main] LogReport:22 - Application is open
2019-11-25 14:40:12,649  INFO [main] LogReport:22 - IE browser opens
2019-11-25 14:40:15,070  INFO [main] LogReport:22 - Application is open
2019-11-25 14:40:20,976  INFO [main] LogReport:22 - [[InternetExplorerDriver: internet explorer on WINDOWS (0c072776-dc5c-42a3-ad09-65c9f377d65f)] -> xpath: (//li[@class='nav-item'])[1]]not selected 
2019-11-25 14:42:28,783  INFO [main] LogReport:22 - IE browser opens
2019-11-25 14:42:31,620  INFO [main] LogReport:22 - Application is open
2019-11-25 14:42:37,714  INFO [main] LogReport:22 - [[InternetExplorerDriver: internet explorer on WINDOWS (55d25125-3ca9-446c-93d6-bd8415bc2c72)] -> xpath: (//li[@class='nav-item'])[1]]not selected 
2019-11-25 14:47:03,707  INFO [main] LogReport:22 - IE browser opens
2019-11-25 14:47:06,350  INFO [main] LogReport:22 - Application is open
2019-11-25 14:47:12,598  INFO [main] LogReport:22 - [[InternetExplorerDriver: internet explorer on WINDOWS (1d334b5b-d58b-44ff-b5c8-0097f1475f54)] -> xpath: (//li[@class='nav-item'])[1]]not selected 
2019-11-25 14:52:08,713  INFO [main] LogReport:22 - IE browser opens
2019-11-25 14:52:11,192  INFO [main] LogReport:22 - Application is open
2019-11-25 14:52:59,297  INFO [main] LogReport:22 - IE browser opens
2019-11-25 14:53:01,171  INFO [main] LogReport:22 - Application is open
2019-11-25 14:54:43,507  INFO [main] LogReport:22 - IE browser opens
2019-11-25 14:54:46,206  INFO [main] LogReport:22 - Application is open
2019-11-25 15:13:05,972  INFO [main] LogReport:22 - IE browser opens
2019-11-25 15:13:08,402  INFO [main] LogReport:22 - Application is open
2019-11-25 15:14:15,890  INFO [main] LogReport:22 - IE browser opens
2019-11-25 15:14:18,723  INFO [main] LogReport:22 - Application is open
2019-11-25 15:19:54,626  INFO [main] LogReport:22 - IE browser opens
2019-11-25 15:19:56,769  INFO [main] LogReport:22 - Application is open
2019-11-25 15:20:40,529  INFO [main] LogReport:22 - IE browser opens
2019-11-25 15:20:42,850  INFO [main] LogReport:22 - Application is open
2019-11-25 15:20:48,716  INFO [main] LogReport:22 - Bookings tab is selected
2019-11-25 15:21:55,442  INFO [main] LogReport:22 - IE browser opens
2019-11-25 15:21:57,767  INFO [main] LogReport:22 - Application is open
2019-11-25 15:22:03,659  INFO [main] LogReport:22 - Bookings tab is selected
2019-11-25 15:49:46,247  INFO [main] LogReport:22 - IE browser opens
2019-11-25 15:49:48,053  INFO [main] LogReport:22 - Application is open
2019-11-25 15:52:12,359  INFO [main] LogReport:22 - IE browser opens
2019-11-25 15:52:14,852  INFO [main] LogReport:22 - Application is open
2019-11-25 15:52:59,544  INFO [main] LogReport:22 - IE browser opens
2019-11-25 15:53:02,004  INFO [main] LogReport:22 - Application is open
2019-11-25 16:58:13,888  INFO [main] LogReport:22 - IE browser opens
2019-11-25 16:58:16,865  INFO [main] LogReport:22 - Application is open
2019-11-25 17:04:43,476  INFO [main] LogReport:22 - IE browser opens
2019-11-25 17:04:46,782  INFO [main] LogReport:22 - Application is open
2019-11-25 17:09:07,541  INFO [main] LogReport:22 - IE browser opens
2019-11-25 17:09:10,394  INFO [main] LogReport:22 - Application is open
2019-11-25 17:10:22,777  INFO [main] LogReport:22 - IE browser opens
2019-11-25 17:10:25,174  INFO [main] LogReport:22 - Application is open
2019-11-25 17:24:20,717  INFO [main] LogReport:22 - IE browser opens
2019-11-25 17:24:22,798  INFO [main] LogReport:22 - Application is open
2019-11-25 17:38:38,663  INFO [main] LogReport:22 - IE browser opens
2019-11-25 17:38:41,602  INFO [main] LogReport:22 - Application is open
2019-11-25 20:29:24,221  INFO [main] LogReport:22 - IE browser opens
2019-11-25 20:29:28,040  INFO [main] LogReport:22 - Application is open
2019-11-25 20:31:04,301  INFO [main] LogReport:22 - IE browser opens
2019-11-25 20:31:06,725  INFO [main] LogReport:22 - Application is open
2019-11-25 20:33:27,724  INFO [main] LogReport:22 - IE browser opens
2019-11-25 20:33:30,359  INFO [main] LogReport:22 - Application is open
2019-11-25 20:34:48,585  INFO [main] LogReport:22 - IE browser opens
2019-11-25 20:34:53,407  INFO [main] LogReport:22 - Application is open
2019-11-25 20:39:22,647  INFO [main] LogReport:22 - IE browser opens
2019-11-25 20:39:24,985  INFO [main] LogReport:22 - Application is open
2019-11-25 20:40:54,950  INFO [main] LogReport:22 - IE browser opens
2019-11-25 20:40:56,793  INFO [main] LogReport:22 - Application is open
2019-11-25 20:42:59,083  INFO [main] LogReport:22 - IE browser opens
2019-11-25 20:43:01,186  INFO [main] LogReport:22 - Application is open
2019-11-25 20:43:38,137  INFO [main] LogReport:22 - IE browser opens
2019-11-25 20:43:41,050  INFO [main] LogReport:22 - Application is open
2019-11-25 20:49:49,787  INFO [main] LogReport:22 - IE browser opens
2019-11-25 20:49:51,643  INFO [main] LogReport:22 - Application is open
2019-11-25 20:51:16,134  INFO [main] LogReport:22 - IE browser opens
2019-11-25 20:51:18,525  INFO [main] LogReport:22 - Application is open
2019-11-25 20:52:15,537  INFO [main] LogReport:22 - IE browser opens
2019-11-25 20:52:17,672  INFO [main] LogReport:22 - Application is open
2019-11-25 20:56:09,930  INFO [main] LogReport:22 - IE browser opens
2019-11-25 20:56:12,532  INFO [main] LogReport:22 - Application is open
2019-11-25 20:58:00,509  INFO [main] LogReport:22 - IE browser opens
2019-11-25 20:58:02,957  INFO [main] LogReport:22 - Application is open
2019-11-25 21:00:44,428  INFO [main] LogReport:22 - IE browser opens
2019-11-25 21:00:47,140  INFO [main] LogReport:22 - Application is open
2019-11-25 21:01:18,596  INFO [main] LogReport:22 - IE browser opens
2019-11-25 21:01:20,666  INFO [main] LogReport:22 - Application is open
2019-11-25 22:07:00,564  INFO [main] LogReport:22 - IE browser opens
2019-11-25 22:07:03,200  INFO [main] LogReport:22 - Application is open
2019-11-25 22:07:41,663  INFO [main] LogReport:22 - IE browser opens
2019-11-25 22:07:43,707  INFO [main] LogReport:22 - Application is open
2019-11-25 22:14:49,206  INFO [main] LogReport:22 - IE browser opens
2019-11-25 22:14:51,353  INFO [main] LogReport:22 - Application is open
2019-11-25 22:15:29,884  INFO [main] LogReport:22 - IE browser opens
2019-11-25 22:15:32,224  INFO [main] LogReport:22 - Application is open
2019-11-25 22:16:21,061  INFO [main] LogReport:22 - IE browser opens
2019-11-25 22:16:23,553  INFO [main] LogReport:22 - Application is open
2019-11-25 22:17:42,012  INFO [main] LogReport:22 - IE browser opens
2019-11-25 22:17:44,579  INFO [main] LogReport:22 - Application is open
2019-11-25 22:21:35,904  INFO [main] LogReport:22 - IE browser opens
2019-11-25 22:21:38,204  INFO [main] LogReport:22 - Application is open
2019-11-25 22:24:02,224  INFO [main] LogReport:22 - IE browser opens
2019-11-25 22:24:04,463  INFO [main] LogReport:22 - Application is open
2019-11-25 22:24:51,277  INFO [main] LogReport:22 - IE browser opens
2019-11-25 22:24:53,555  INFO [main] LogReport:22 - Application is open
2019-11-26 11:26:02,037  INFO [main] LogReport:22 - IE browser opens
2019-11-26 11:26:05,513  INFO [main] LogReport:22 - Application is open
2019-11-26 11:26:12,929  INFO [main] LogReport:22 - Bookings tab is selected
2019-11-26 12:24:19,117  INFO [main] LogReport:22 - IE browser opens
2019-11-26 12:24:21,921  INFO [main] LogReport:22 - Application is open
2019-11-26 12:25:08,094  INFO [main] LogReport:22 - IE browser opens
2019-11-26 12:25:10,645  INFO [main] LogReport:22 - Application is open
2019-11-26 12:25:16,982  INFO [main] LogReport:22 - Bookings tab is selected
2019-11-26 12:30:27,135  INFO [main] LogReport:22 - IE browser opens
2019-11-26 12:30:29,817  INFO [main] LogReport:22 - Application is open
2019-11-26 12:30:35,773  INFO [main] LogReport:22 - Bookings tab is selected
2019-11-26 12:31:29,837  INFO [main] LogReport:22 - IE browser opens
2019-11-26 12:31:32,182  INFO [main] LogReport:22 - Application is open
2019-11-26 12:31:38,259  INFO [main] LogReport:22 - Bookings tab is selected
2019-11-26 12:34:02,129  INFO [main] LogReport:22 - IE browser opens
2019-11-26 12:34:04,612  INFO [main] LogReport:22 - Application is open
2019-11-26 12:34:10,765  INFO [main] LogReport:22 - Bookings tab is selected
2019-11-26 12:38:11,228  INFO [main] LogReport:22 - IE browser opens
2019-11-26 12:38:13,743  INFO [main] LogReport:22 - Application is open
2019-11-26 12:38:19,878  INFO [main] LogReport:22 - Bookings tab is selected
2019-11-26 12:51:48,937  INFO [main] LogReport:22 - IE browser opens
2019-11-26 12:51:51,377  INFO [main] LogReport:22 - Application is open
2019-11-26 12:51:57,568  INFO [main] LogReport:22 - Bookings tab is selected
2019-11-26 12:52:52,059  INFO [main] LogReport:22 - IE browser opens
2019-11-26 12:52:54,433  INFO [main] LogReport:22 - Application is open
2019-11-26 12:53:00,692  INFO [main] LogReport:22 - Bookings tab is selected
2019-11-26 12:54:24,112  INFO [main] LogReport:22 - IE browser opens
2019-11-26 12:54:26,531  INFO [main] LogReport:22 - Application is open
2019-11-26 12:54:33,051  INFO [main] LogReport:22 - Bookings tab is selected
2019-11-26 13:12:07,016  INFO [main] LogReport:22 - IE browser opens
2019-11-26 13:12:09,598  INFO [main] LogReport:22 - Application is open
2019-11-26 13:12:15,363  INFO [main] LogReport:22 - Bookings tab is selected
2019-11-26 13:15:33,915  INFO [main] LogReport:22 - IE browser opens
2019-11-26 13:15:36,347  INFO [main] LogReport:22 - Application is open
2019-11-26 13:15:42,048  INFO [main] LogReport:22 - Bookings tab is selected
2019-11-26 13:17:15,557  INFO [main] LogReport:22 - IE browser opens
2019-11-26 13:17:17,794  INFO [main] LogReport:22 - Application is open
2019-11-26 13:17:23,581  INFO [main] LogReport:22 - Bookings tab is selected
2019-11-26 13:20:57,115  INFO [main] LogReport:22 - IE browser opens
2019-11-26 13:20:59,775  INFO [main] LogReport:22 - Application is open
2019-11-26 13:21:05,712  INFO [main] LogReport:22 - Bookings tab is selected
2019-11-26 13:23:53,987  INFO [main] LogReport:22 - IE browser opens
2019-11-26 13:23:56,210  INFO [main] LogReport:22 - Application is open
2019-11-26 13:24:02,143  INFO [main] LogReport:22 - Bookings tab is selected
2019-11-26 13:24:56,090  INFO [main] LogReport:22 - Chrome browser opens
2019-11-26 13:25:01,490  INFO [main] LogReport:22 - Application is open
2019-11-26 13:25:07,670  INFO [main] LogReport:22 - Bookings tab is selected
2019-11-26 13:26:09,363  INFO [main] LogReport:22 - Chrome browser opens
2019-11-26 13:26:13,763  INFO [main] LogReport:22 - Application is open
2019-11-26 13:26:19,385  INFO [main] LogReport:22 - Bookings tab is selected
2019-11-26 13:28:35,980  INFO [main] LogReport:22 - Chrome browser opens
2019-11-26 13:28:39,175  INFO [main] LogReport:22 - Application is open
2019-11-26 13:28:44,658  INFO [main] LogReport:22 - Bookings tab is selected
2019-11-26 13:30:10,386  INFO [main] LogReport:22 - Chrome browser opens
2019-11-26 13:30:14,929  INFO [main] LogReport:22 - Application is open
2019-11-26 13:30:20,374  INFO [main] LogReport:22 - Bookings tab is selected
2019-11-26 13:31:49,243  INFO [main] LogReport:22 - Chrome browser opens
2019-11-26 13:31:53,841  INFO [main] LogReport:22 - Application is open
2019-11-26 13:31:59,512  INFO [main] LogReport:22 - Bookings tab is selected
2019-11-26 14:48:15,985  INFO [main] LogReport:22 - Chrome browser opens
2019-11-26 14:48:23,076  INFO [main] LogReport:22 - Application is open
2019-11-26 14:48:30,470  INFO [main] LogReport:22 - Bookings tab is selected
2019-11-26 15:02:49,454  INFO [main] LogReport:22 - Chrome browser opens
2019-11-26 15:02:53,248  INFO [main] LogReport:22 - Application is open
2019-11-26 15:02:58,597  INFO [main] LogReport:22 - Bookings tab is selected
2019-11-26 15:05:15,528  INFO [main] LogReport:22 - Chrome browser opens
2019-11-26 15:05:19,441  INFO [main] LogReport:22 - Application is open
2019-11-26 15:05:25,069  INFO [main] LogReport:22 - Bookings tab is selected
2019-11-26 15:09:59,234  INFO [main] LogReport:22 - Chrome browser opens
2019-11-26 15:10:05,511  INFO [main] LogReport:22 - Application is open
2019-11-26 15:10:12,666  INFO [main] LogReport:22 - Bookings tab is selected
2019-11-26 15:10:59,089  INFO [main] LogReport:22 - Chrome browser opens
2019-11-26 15:11:03,196  INFO [main] LogReport:22 - Application is open
2019-11-26 15:11:09,299  INFO [main] LogReport:22 - Bookings tab is selected
2019-11-26 15:12:11,955  INFO [main] LogReport:22 - Chrome browser opens
2019-11-26 15:12:16,522  INFO [main] LogReport:22 - Application is open
2019-11-26 15:12:22,261  INFO [main] LogReport:22 - Bookings tab is selected
2019-11-26 15:14:20,753  INFO [main] LogReport:22 - Chrome browser opens
2019-11-26 15:14:24,482  INFO [main] LogReport:22 - Application is open
2019-11-26 15:14:30,068  INFO [main] LogReport:22 - Bookings tab is selected
2019-11-26 15:27:38,953  INFO [main] LogReport:22 - Chrome browser opens
2019-11-26 15:27:42,327  INFO [main] LogReport:22 - Application is open
2019-11-26 15:27:48,026  INFO [main] LogReport:22 - Bookings tab is selected
2019-11-26 15:29:01,564  INFO [main] LogReport:22 - Chrome browser opens
2019-11-26 15:29:06,730  INFO [main] LogReport:22 - Application is open
2019-11-26 15:29:12,212  INFO [main] LogReport:22 - Bookings tab is selected
2019-11-26 15:37:44,260  INFO [main] LogReport:22 - Chrome browser opens
2019-11-26 15:38:33,466  INFO [main] LogReport:22 - Chrome browser opens
2019-11-26 15:38:38,340  INFO [main] LogReport:22 - Application is open
2019-11-26 15:38:43,876  INFO [main] LogReport:22 - Bookings tab is selected
2019-11-26 15:40:36,599  INFO [main] LogReport:22 - Chrome browser opens
2019-11-26 15:40:41,251  INFO [main] LogReport:22 - Application is open
2019-11-26 15:40:46,702  INFO [main] LogReport:22 - Bookings tab is selected
2019-11-26 15:47:37,510  INFO [main] LogReport:22 - Chrome browser opens
2019-11-26 15:47:42,943  INFO [main] LogReport:22 - Application is open
2019-11-26 15:47:48,579  INFO [main] LogReport:22 - Bookings tab is selected
2019-11-26 15:54:57,841  INFO [main] LogReport:22 - Chrome browser opens
2019-11-26 15:55:03,214  INFO [main] LogReport:22 - Application is open
2019-11-26 15:55:08,995  INFO [main] LogReport:22 - Bookings tab is selected
2019-11-26 16:00:54,138  INFO [main] LogReport:22 - Chrome browser opens
2019-11-26 16:00:58,173  INFO [main] LogReport:22 - Application is open
2019-11-26 16:01:03,802  INFO [main] LogReport:22 - Bookings tab is selected
2019-11-26 16:01:53,882  INFO [main] LogReport:22 - Chrome browser opens
2019-11-26 16:01:57,252  INFO [main] LogReport:22 - Application is open
2019-11-26 16:02:02,998  INFO [main] LogReport:22 - Bookings tab is selected
2019-11-26 16:09:25,625  INFO [main] LogReport:22 - Chrome browser opens
2019-11-26 16:09:29,614  INFO [main] LogReport:22 - Application is open
2019-11-26 16:09:35,451  INFO [main] LogReport:22 - Bookings tab is selected
2019-11-26 16:58:24,926  INFO [main] LogReport:26 - Chrome browser opens
2019-11-26 16:58:29,300  INFO [main] LogReport:26 - Application is open
2019-11-26 16:58:35,014  INFO [main] LogReport:26 - Bookings tab is selected
2019-11-26 17:10:13,965  INFO [main] LogReport:26 - Chrome browser opens
2019-11-26 17:10:18,125  INFO [main] LogReport:26 - Application is open
2019-11-26 17:10:23,543  INFO [main] LogReport:26 - Bookings tab is selected
2019-11-26 17:15:18,425  INFO [main] LogReport:26 - Chrome browser opens
2019-11-26 17:15:24,354  INFO [main] LogReport:26 - Application is open
2019-11-26 17:15:29,952  INFO [main] LogReport:26 - Bookings tab is selected
2019-11-26 17:17:47,346  INFO [main] LogReport:26 - Firefox browser opens
2019-11-26 17:17:52,043  INFO [main] LogReport:26 - Application is open
2019-11-26 17:17:56,646  INFO [main] LogReport:26 - Bookings tab is selected
2019-11-26 17:21:18,492  INFO [main] LogReport:26 - Firefox browser opens
2019-11-26 17:21:21,979  INFO [main] LogReport:26 - Application is open
2019-11-26 17:21:26,450  INFO [main] LogReport:26 - Bookings tab is selected
2019-11-26 17:22:13,294  INFO [main] LogReport:26 - Firefox browser opens
2019-11-26 17:22:17,547  INFO [main] LogReport:26 - Application is open
2019-11-26 17:22:22,102  INFO [main] LogReport:26 - Bookings tab is selected
2019-11-26 17:24:33,514  INFO [main] LogReport:26 - Firefox browser opens
2019-11-26 17:24:37,875  INFO [main] LogReport:26 - Application is open
2019-11-26 17:24:42,243  INFO [main] LogReport:26 - Bookings tab is selected
2019-11-26 17:31:21,352  INFO [main] LogReport:26 - Firefox browser opens
2019-11-26 17:31:28,531  INFO [main] LogReport:26 - Application is open
2019-11-26 17:31:33,025  INFO [main] LogReport:26 - Bookings tab is selected
2019-11-26 17:33:05,086  INFO [main] LogReport:26 - Firefox browser opens
2019-11-26 17:33:09,460  INFO [main] LogReport:26 - Application is open
2019-11-26 17:33:13,882  INFO [main] LogReport:26 - Bookings tab is selected
2019-11-26 17:33:54,273  INFO [main] LogReport:26 - Chrome browser opens
2019-11-26 17:33:58,122  INFO [main] LogReport:26 - Application is open
2019-11-26 17:34:03,615  INFO [main] LogReport:26 - Bookings tab is selected
2019-11-26 17:39:43,637  INFO [main] LogReport:26 - Chrome browser opens
2019-11-26 17:39:47,911  INFO [main] LogReport:26 - Application is open
2019-11-26 17:39:53,381  INFO [main] LogReport:26 - Bookings tab is selected
2019-11-26 17:40:48,160  INFO [main] LogReport:26 - Chrome browser opens
2019-11-26 17:40:51,065  INFO [main] LogReport:26 - Application is open
2019-11-26 17:40:56,747  INFO [main] LogReport:26 - Bookings tab is selected
2019-11-26 17:43:30,955  INFO [main] LogReport:26 - Chrome browser opens
2019-11-26 17:43:35,023  INFO [main] LogReport:26 - Application is open
2019-11-26 17:43:40,615  INFO [main] LogReport:26 - Bookings tab is selected
2019-11-26 17:46:56,993  INFO [main] LogReport:26 - Chrome browser opens
2019-11-26 17:47:04,830  INFO [main] LogReport:26 - Application is open
2019-11-26 17:47:10,435  INFO [main] LogReport:26 - Bookings tab is selected
2019-11-26 17:47:42,173  INFO [main] LogReport:26 - Chrome browser opens
2019-11-26 17:47:45,673  INFO [main] LogReport:26 - Application is open
2019-11-26 17:47:53,131  INFO [main] LogReport:26 - Bookings tab is selected
2019-11-26 19:31:34,520  INFO [main] LogReport:26 - Chrome browser opens
2019-11-26 19:31:42,438  INFO [main] LogReport:26 - Application is open
2019-11-26 19:31:49,308  INFO [main] LogReport:26 - Bookings tab is selected
2019-11-26 19:33:10,807  INFO [main] LogReport:26 - Chrome browser opens
2019-11-26 19:33:16,238  INFO [main] LogReport:26 - Application is open
2019-11-26 19:33:21,989  INFO [main] LogReport:26 - Bookings tab is selected
2019-11-26 19:36:35,483  INFO [main] LogReport:26 - Chrome browser opens
2019-11-26 19:36:40,034  INFO [main] LogReport:26 - Application is open
2019-11-26 19:36:45,912  INFO [main] LogReport:26 - Bookings tab is selected
2019-11-26 19:37:49,339  INFO [main] LogReport:26 - Chrome browser opens
2019-11-26 19:37:54,572  INFO [main] LogReport:26 - Application is open
2019-11-26 19:39:29,665  INFO [main] LogReport:26 - Chrome browser opens
2019-11-26 19:39:34,021  INFO [main] LogReport:26 - Application is open
2019-11-26 19:39:39,525  INFO [main] LogReport:26 - Bookings tab is selected
2019-11-26 20:00:58,209  INFO [main] LogReport:26 - Chrome browser opens
2019-11-26 20:01:02,353  INFO [main] LogReport:26 - Application is open
2019-11-26 20:01:08,077  INFO [main] LogReport:26 - Bookings tab is selected
2019-11-26 20:27:48,317  INFO [main] LogReport:26 - Chrome browser opens
2019-11-26 20:27:56,750  INFO [main] LogReport:26 - Application is open
2019-11-26 20:28:02,299  INFO [main] LogReport:26 - Bookings tab is selected
2019-11-26 20:28:54,830  INFO [main] LogReport:26 - Chrome browser opens
2019-11-26 20:28:59,355  INFO [main] LogReport:26 - Application is open
2019-11-26 20:29:06,592  INFO [main] LogReport:26 - Bookings tab is selected
2019-11-26 20:29:44,513  INFO [main] LogReport:26 - Chrome browser opens
2019-11-26 20:29:51,396  INFO [main] LogReport:26 - Application is open
2019-11-26 20:29:58,652  INFO [main] LogReport:26 - Bookings tab is selected
2019-11-26 20:31:57,569  INFO [main] LogReport:26 - Chrome browser opens
2019-11-26 20:32:15,604  INFO [main] LogReport:26 - Application is open
2019-11-26 20:32:22,496  INFO [main] LogReport:26 - Bookings tab is selected
2019-11-26 20:32:55,831  INFO [main] LogReport:26 - Chrome browser opens
2019-11-26 20:33:02,626  INFO [main] LogReport:26 - Application is open
2019-11-26 20:33:09,177  INFO [main] LogReport:26 - Bookings tab is selected
2019-11-26 20:36:32,393  INFO [main] LogReport:26 - Chrome browser opens
2019-11-26 20:36:41,175  INFO [main] LogReport:26 - Application is open
2019-11-26 21:17:11,038  INFO [main] LogReport:26 - Chrome browser opens
2019-11-26 21:17:18,042  INFO [main] LogReport:26 - Application is open
2019-11-26 21:18:40,672  INFO [main] LogReport:26 - Chrome browser opens
2019-11-26 21:18:44,050  INFO [main] LogReport:26 - Application is open
2019-11-26 21:18:49,667  INFO [main] LogReport:26 - Bookings tab is selected
2019-11-26 21:21:54,012  INFO [main] LogReport:26 - Chrome browser opens
2019-11-26 21:21:58,196  INFO [main] LogReport:26 - Application is open
2019-11-26 21:22:04,473  INFO [main] LogReport:26 - Bookings tab is selected
2019-11-27 11:54:15,663  INFO [main] LogReport:26 - Chrome browser opens
2019-11-27 11:54:16,834  INFO [main] LogReport:26 - Application is open
2019-11-27 11:54:51,171  INFO [main] LogReport:26 - Chrome browser opens
2019-11-27 11:54:53,148  INFO [main] LogReport:26 - Application is open
2019-11-27 11:55:27,585  INFO [main] LogReport:26 - Chrome browser opens
2019-11-27 11:55:28,770  INFO [main] LogReport:26 - Application is open
2019-11-27 11:55:55,880  INFO [main] LogReport:26 - Chrome browser opens
2019-11-27 11:55:56,819  INFO [main] LogReport:26 - Application is open
2019-11-27 11:57:14,878  INFO [main] LogReport:26 - Chrome browser opens
2019-11-27 11:57:15,849  INFO [main] LogReport:26 - Application is open
2019-11-27 11:59:05,349  INFO [main] LogReport:26 - Chrome browser opens
2019-11-27 11:59:06,661  INFO [main] LogReport:26 - Application is open
2019-11-27 11:59:56,647  INFO [main] LogReport:26 - Chrome browser opens
2019-11-27 11:59:57,682  INFO [main] LogReport:26 - Application is open
2019-11-27 12:07:36,830  INFO [main] LogReport:26 - Chrome browser opens
2019-11-27 12:07:37,862  INFO [main] LogReport:26 - Application is open
2019-11-27 12:08:53,484  INFO [main] LogReport:26 - Chrome browser opens
2019-11-27 12:08:54,515  INFO [main] LogReport:26 - Application is open
2019-11-27 12:09:56,487  INFO [main] LogReport:26 - Chrome browser opens
2019-11-27 12:09:58,177  INFO [main] LogReport:26 - Application is open
2019-11-27 12:13:56,525  INFO [main] LogReport:26 - Chrome browser opens
2019-11-27 12:13:57,468  INFO [main] LogReport:26 - Application is open
2019-11-27 12:15:11,855  INFO [main] LogReport:26 - Chrome browser opens
2019-11-27 12:15:12,929  INFO [main] LogReport:26 - Application is open
2019-11-27 12:16:02,436  INFO [main] LogReport:26 - Chrome browser opens
2019-11-27 12:16:04,101  INFO [main] LogReport:26 - Application is open
2019-11-27 12:31:42,732  INFO [main] LogReport:26 - Chrome browser opens
2019-11-27 12:31:43,759  INFO [main] LogReport:26 - Application is open
2019-11-27 12:43:31,655  INFO [main] LogReport:26 - Chrome browser opens
2019-11-27 12:43:32,686  INFO [main] LogReport:26 - Application is open
2019-11-27 12:45:23,565  INFO [main] LogReport:26 - Chrome browser opens
2019-11-27 12:45:24,573  INFO [main] LogReport:26 - Application is open
2019-11-27 12:49:24,738  INFO [main] LogReport:26 - Chrome browser opens
2019-11-27 12:49:25,731  INFO [main] LogReport:26 - Application is open
2019-11-27 12:51:37,551  INFO [main] LogReport:26 - Chrome browser opens
2019-11-27 12:51:38,546  INFO [main] LogReport:26 - Application is open
2019-11-27 12:53:49,831  INFO [main] LogReport:26 - Chrome browser opens
2019-11-27 12:53:50,727  INFO [main] LogReport:26 - Application is open
2019-11-27 13:00:06,869  INFO [main] LogReport:26 - Chrome browser opens
2019-11-27 13:00:07,878  INFO [main] LogReport:26 - Application is open
2019-11-27 13:02:12,173  INFO [main] LogReport:26 - Chrome browser opens
2019-11-27 13:02:13,131  INFO [main] LogReport:26 - Application is open
2019-11-27 13:03:23,894  INFO [main] LogReport:26 - Chrome browser opens
2019-11-27 13:03:24,973  INFO [main] LogReport:26 - Application is open
2019-11-27 13:09:23,883  INFO [main] LogReport:26 - Chrome browser opens
2019-11-27 13:09:24,935  INFO [main] LogReport:26 - Application is open
2019-11-27 13:31:48,088  INFO [main] LogReport:26 - Chrome browser opens
2019-11-27 13:31:49,294  INFO [main] LogReport:26 - Application is open
2019-11-27 13:35:21,293  INFO [main] LogReport:26 - Chrome browser opens
2019-11-27 13:35:23,274  INFO [main] LogReport:26 - Application is open
2019-11-27 13:49:29,026  INFO [main] LogReport:26 - Chrome browser opens
2019-11-27 13:49:29,967  INFO [main] LogReport:26 - Application is open
2019-11-27 13:51:11,655  INFO [main] LogReport:26 - Chrome browser opens
2019-11-27 13:51:12,663  INFO [main] LogReport:26 - Application is open
2019-11-27 13:53:55,167  INFO [main] LogReport:26 - Chrome browser opens
2019-11-27 13:53:56,076  INFO [main] LogReport:26 - Application is open
2019-11-27 13:56:13,084  INFO [main] LogReport:26 - Chrome browser opens
2019-11-27 13:56:14,458  INFO [main] LogReport:26 - Application is open
2019-11-27 13:58:15,204  INFO [main] LogReport:26 - Chrome browser opens
2019-11-27 13:58:18,224  INFO [main] LogReport:26 - Application is open
2019-11-27 14:00:05,411  INFO [main] LogReport:26 - Chrome browser opens
2019-11-27 14:00:06,504  INFO [main] LogReport:26 - Application is open
2019-11-27 14:02:10,494  INFO [main] LogReport:26 - Chrome browser opens
2019-11-27 14:02:12,906  INFO [main] LogReport:26 - Application is open
2019-11-27 14:03:20,278  INFO [main] LogReport:26 - Chrome browser opens
2019-11-27 14:03:21,582  INFO [main] LogReport:26 - Application is open
2019-11-27 14:04:44,164  INFO [main] LogReport:26 - Chrome browser opens
2019-11-27 14:04:45,329  INFO [main] LogReport:26 - Application is open
2019-11-27 14:05:54,839  INFO [main] LogReport:26 - Chrome browser opens
2019-11-27 14:05:55,976  INFO [main] LogReport:26 - Application is open
2019-11-27 14:06:56,351  INFO [main] LogReport:26 - Chrome browser opens
2019-11-27 14:06:57,810  INFO [main] LogReport:26 - Application is open
2019-11-27 14:08:32,263  INFO [main] LogReport:26 - Chrome browser opens
2019-11-27 14:08:33,586  INFO [main] LogReport:26 - Application is open
2019-11-27 14:10:02,558  INFO [main] LogReport:26 - Chrome browser opens
2019-11-27 14:10:03,928  INFO [main] LogReport:26 - Application is open
2019-11-27 14:13:58,050  INFO [main] LogReport:26 - Chrome browser opens
2019-11-27 14:13:59,933  INFO [main] LogReport:26 - Application is open
2019-11-27 14:15:10,285  INFO [main] LogReport:26 - Chrome browser opens
2019-11-27 14:15:11,569  INFO [main] LogReport:26 - Application is open
2019-11-27 14:16:52,301  INFO [main] LogReport:26 - Chrome browser opens
2019-11-27 14:16:54,061  INFO [main] LogReport:26 - Application is open
2019-11-27 14:19:02,549  INFO [main] LogReport:26 - Chrome browser opens
2019-11-27 14:19:03,714  INFO [main] LogReport:26 - Application is open
2019-11-27 14:20:34,738  INFO [main] LogReport:26 - Chrome browser opens
2019-11-27 14:20:35,745  INFO [main] LogReport:26 - Application is open
2019-11-27 14:22:04,006  INFO [main] LogReport:26 - Chrome browser opens
2019-11-27 14:22:05,020  INFO [main] LogReport:26 - Application is open
2019-11-27 15:02:07,377  INFO [main] LogReport:26 - Chrome browser opens
2019-11-27 15:02:08,415  INFO [main] LogReport:26 - Application is open
2019-11-27 15:05:34,037  INFO [main] LogReport:26 - Chrome browser opens
2019-11-27 15:05:36,192  INFO [main] LogReport:26 - Application is open
2019-11-27 15:08:15,822  INFO [main] LogReport:26 - Chrome browser opens
2019-11-27 15:08:16,797  INFO [main] LogReport:26 - Application is open
2019-11-27 15:09:50,216  INFO [main] LogReport:26 - Chrome browser opens
2019-11-27 15:09:51,219  INFO [main] LogReport:26 - Application is open
2019-11-27 15:15:46,350  INFO [main] LogReport:26 - Chrome browser opens
2019-11-27 15:15:47,362  INFO [main] LogReport:26 - Application is open
2019-11-27 15:17:06,867  INFO [main] LogReport:26 - Chrome browser opens
2019-11-27 15:17:07,934  INFO [main] LogReport:26 - Application is open
2019-11-27 15:23:41,151  INFO [main] LogReport:26 - Chrome browser opens
2019-11-27 15:23:42,432  INFO [main] LogReport:26 - Application is open
2019-11-27 15:24:08,664  INFO [main] LogReport:26 - Validated the detail:Shirt Size: M
2019-11-27 15:24:08,737  INFO [main] LogReport:26 - Validated the detail:Personalized Name: david
2019-11-27 15:24:08,811  INFO [main] LogReport:26 - Validated the detail:Shirt Color: Red
2019-11-27 15:25:28,349  INFO [main] LogReport:26 - Chrome browser opens
2019-11-27 15:25:29,295  INFO [main] LogReport:26 - Application is open
2019-11-27 15:25:55,515  INFO [main] LogReport:26 - Validated the detail:Shirt Size: M
2019-11-27 15:25:55,603  INFO [main] LogReport:26 - Validated the detail:Personalized Name: david
2019-11-27 15:27:47,409  INFO [main] LogReport:26 - Chrome browser opens
2019-11-27 15:27:48,391  INFO [main] LogReport:26 - Application is open
2019-11-27 15:28:14,303  INFO [main] LogReport:26 - Validated the detail:Shirt Size: M
2019-11-27 15:28:14,385  INFO [main] LogReport:26 - Validated the detail:Personalized Name: david
2019-11-27 15:28:14,465  INFO [main] LogReport:26 - Validated the detail:Shirt Color: Red
2019-11-27 15:33:07,613  INFO [main] LogReport:26 - Chrome browser opens
2019-11-27 15:33:08,519  INFO [main] LogReport:26 - Application is open
2019-11-27 15:33:35,086  INFO [main] LogReport:26 - Validated the detail:Shirt Size: M
2019-11-27 15:33:35,178  INFO [main] LogReport:26 - Validated the detail:Personalized Name: david
2019-11-27 15:33:35,271  INFO [main] LogReport:26 - Validated the detail:Shirt Color: Red
2019-11-27 15:34:46,538  INFO [main] LogReport:26 - Chrome browser opens
2019-11-27 15:34:47,600  INFO [main] LogReport:26 - Application is open
2019-11-27 15:35:13,401  INFO [main] LogReport:26 - Validated the detail:Shirt Size: M
2019-11-27 15:35:13,463  INFO [main] LogReport:26 - Validated the detail:Personalized Name: david
2019-11-27 15:35:13,537  INFO [main] LogReport:26 - Validated the detail:Shirt Color: Red
2019-11-27 15:39:07,046  INFO [main] LogReport:26 - Chrome browser opens
2019-11-27 15:39:08,535  INFO [main] LogReport:26 - Application is open
2019-11-27 15:40:19,068  INFO [main] LogReport:26 - Chrome browser opens
2019-11-27 15:40:20,922  INFO [main] LogReport:26 - Application is open
2019-11-27 15:41:36,289  INFO [main] LogReport:26 - Chrome browser opens
2019-11-27 15:41:37,361  INFO [main] LogReport:26 - Application is open
2019-11-27 15:42:02,781  INFO [main] LogReport:26 - Validated the detail:Shirt Size: M
2019-11-27 15:42:02,845  INFO [main] LogReport:26 - Validated the detail:Personalized Name: david
2019-11-27 15:42:02,902  INFO [main] LogReport:26 - Validated the detail:Shirt Color: Red
2019-11-27 15:45:39,761  INFO [main] LogReport:26 - Chrome browser opens
2019-11-27 15:45:40,696  INFO [main] LogReport:26 - Application is open
2019-11-27 15:46:06,190  INFO [main] LogReport:26 - Validated the detail:Shirt Size: M
2019-11-27 15:46:06,244  INFO [main] LogReport:26 - Validated the detail:Personalized Name: david
2019-11-27 15:46:06,296  INFO [main] LogReport:26 - Validated the detail:Shirt Color: Red
2019-11-27 15:48:15,438  INFO [main] LogReport:26 - IE browser opens
2019-11-27 15:48:18,554  INFO [main] LogReport:26 - Application is open
2019-11-27 16:34:50,443  INFO [main] LogReport:26 - IE browser opens
2019-11-27 16:34:51,698  INFO [main] LogReport:26 - Application is open
2019-11-27 16:35:54,589  INFO [main] LogReport:26 - IE browser opens
2019-11-27 16:35:55,504  INFO [main] LogReport:26 - Application is open
2019-11-27 16:55:31,114  INFO [main] LogReport:26 - IE browser opens
2019-11-27 16:55:31,978  INFO [main] LogReport:26 - Application is open
2019-11-27 16:58:12,325  INFO [main] LogReport:26 - IE browser opens
2019-11-27 16:58:13,296  INFO [main] LogReport:26 - Application is open
2019-11-27 17:00:03,664  INFO [main] LogReport:26 - IE browser opens
2019-11-27 17:00:04,529  INFO [main] LogReport:26 - Application is open
2019-11-27 17:01:40,564  INFO [main] LogReport:26 - IE browser opens
2019-11-27 17:01:41,454  INFO [main] LogReport:26 - Application is open
2019-11-27 17:05:41,853  INFO [main] LogReport:26 - IE browser opens
2019-11-27 17:05:42,830  INFO [main] LogReport:26 - Application is open
2019-11-27 17:06:29,722  INFO [main] LogReport:26 - IE browser opens
2019-11-27 17:06:30,658  INFO [main] LogReport:26 - Application is open
2019-11-27 17:09:17,262  INFO [main] LogReport:26 - IE browser opens
2019-11-27 17:09:18,278  INFO [main] LogReport:26 - Application is open
2019-11-27 17:10:32,294  INFO [main] LogReport:26 - IE browser opens
2019-11-27 17:10:33,268  INFO [main] LogReport:26 - Application is open
2019-11-27 17:11:15,892  INFO [main] LogReport:26 - IE browser opens
2019-11-27 17:11:16,893  INFO [main] LogReport:26 - Application is open
